Performing C++ SOURCE FILE Test CMAKE_HAVE_LIBC_PTHREAD failed with the following output:
Change Dir: /home/gymbuddi3/Examples/opencv-camera-callback/CMakeFiles/CMakeTmp

Run Build Command(s):/usr/bin/gmake cmTC_c3e90/fast && /usr/bin/gmake  -f CMakeFiles/cmTC_c3e90.dir/build.make CMakeFiles/cmTC_c3e90.dir/build
gmake[1]: Entering directory '/home/gymbuddi3/Examples/opencv-camera-callback/CMakeFiles/CMakeTmp'
Building CXX object CMakeFiles/cmTC_c3e90.dir/src.cxx.o
/usr/bin/c++   -DCMAKE_HAVE_LIBC_PTHREAD -o CMakeFiles/cmTC_c3e90.dir/src.cxx.o -c /home/gymbuddi3/Examples/opencv-camera-callback/CMakeFiles/CMakeTmp/src.cxx
Linking CXX executable cmTC_c3e90
/usr/bin/cmake -E cmake_link_script CMakeFiles/cmTC_c3e90.dir/link.txt --verbose=1
/usr/bin/c++  -DCMAKE_HAVE_LIBC_PTHREAD CMakeFiles/cmTC_c3e90.dir/src.cxx.o -o cmTC_c3e90 
/usr/bin/ld: CMakeFiles/cmTC_c3e90.dir/src.cxx.o: in function `main':
src.cxx:(.text+0x34): undefined reference to `pthread_create'
/usr/bin/ld: src.cxx:(.text+0x3c): undefined reference to `pthread_detach'
/usr/bin/ld: src.cxx:(.text+0x44): undefined reference to `pthread_cancel'
/usr/bin/ld: src.cxx:(.text+0x50): undefined reference to `pthread_join'
collect2: error: ld returned 1 exit status
gmake[1]: *** [CMakeFiles/cmTC_c3e90.dir/build.make:106: cmTC_c3e90] Error 1
gmake[1]: Leaving directory '/home/gymbuddi3/Examples/opencv-camera-callback/CMakeFiles/CMakeTmp'
gmake: *** [Makefile:140: cmTC_c3e90/fast] Error 2


Source file was:
#include <pthread.h>

void* test_func(void* data)
{
  return data;
}

int main(void)
{
  pthread_t thread;
  pthread_create(&thread, NULL, test_func, NULL);
  pthread_detach(thread);
  pthread_cancel(thread);
  pthread_join(thread, NULL);
  pthread_atfork(NULL, NULL, NULL);
  pthread_exit(NULL);

  return 0;
}

Determining if the function pthread_create exists in the pthreads failed with the following output:
Change Dir: /home/gymbuddi3/Examples/opencv-camera-callback/CMakeFiles/CMakeTmp

Run Build Command(s):/usr/bin/gmake cmTC_fff8c/fast && /usr/bin/gmake  -f CMakeFiles/cmTC_fff8c.dir/build.make CMakeFiles/cmTC_fff8c.dir/build
gmake[1]: Entering directory '/home/gymbuddi3/Examples/opencv-camera-callback/CMakeFiles/CMakeTmp'
Building CXX object CMakeFiles/cmTC_fff8c.dir/CheckFunctionExists.cxx.o
/usr/bin/c++   -DCHECK_FUNCTION_EXISTS=pthread_create -o CMakeFiles/cmTC_fff8c.dir/CheckFunctionExists.cxx.o -c /home/gymbuddi3/Examples/opencv-camera-callback/CMakeFiles/CheckLibraryExists/CheckFunctionExists.cxx
Linking CXX executable cmTC_fff8c
/usr/bin/cmake -E cmake_link_script CMakeFiles/cmTC_fff8c.dir/link.txt --verbose=1
/usr/bin/c++  -DCHECK_FUNCTION_EXISTS=pthread_create CMakeFiles/cmTC_fff8c.dir/CheckFunctionExists.cxx.o -o cmTC_fff8c  -lpthreads 
/usr/bin/ld: cannot find -lpthreads
collect2: error: ld returned 1 exit status
gmake[1]: *** [CMakeFiles/cmTC_fff8c.dir/build.make:106: cmTC_fff8c] Error 1
gmake[1]: Leaving directory '/home/gymbuddi3/Examples/opencv-camera-callback/CMakeFiles/CMakeTmp'
gmake: *** [Makefile:140: cmTC_fff8c/fast] Error 2



Performing C++ SOURCE FILE Test CMAKE_HAVE_LIBC_PTHREAD failed with the following output:
Change Dir: /home/gymbuddi3/gymBuddi/code/Examples/opencv-camera-callback/CMakeFiles/CMakeTmp

Run Build Command(s):/usr/bin/gmake cmTC_e4890/fast && /usr/bin/gmake  -f CMakeFiles/cmTC_e4890.dir/build.make CMakeFiles/cmTC_e4890.dir/build
gmake[1]: Entering directory '/home/gymbuddi3/gymBuddi/code/Examples/opencv-camera-callback/CMakeFiles/CMakeTmp'
Building CXX object CMakeFiles/cmTC_e4890.dir/src.cxx.o
/usr/bin/c++   -DCMAKE_HAVE_LIBC_PTHREAD -o CMakeFiles/cmTC_e4890.dir/src.cxx.o -c /home/gymbuddi3/gymBuddi/code/Examples/opencv-camera-callback/CMakeFiles/CMakeTmp/src.cxx
Linking CXX executable cmTC_e4890
/usr/bin/cmake -E cmake_link_script CMakeFiles/cmTC_e4890.dir/link.txt --verbose=1
/usr/bin/c++  -DCMAKE_HAVE_LIBC_PTHREAD CMakeFiles/cmTC_e4890.dir/src.cxx.o -o cmTC_e4890 
/usr/bin/ld: CMakeFiles/cmTC_e4890.dir/src.cxx.o: in function `main':
src.cxx:(.text+0x34): undefined reference to `pthread_create'
/usr/bin/ld: src.cxx:(.text+0x3c): undefined reference to `pthread_detach'
/usr/bin/ld: src.cxx:(.text+0x44): undefined reference to `pthread_cancel'
/usr/bin/ld: src.cxx:(.text+0x50): undefined reference to `pthread_join'
collect2: error: ld returned 1 exit status
gmake[1]: *** [CMakeFiles/cmTC_e4890.dir/build.make:106: cmTC_e4890] Error 1
gmake[1]: Leaving directory '/home/gymbuddi3/gymBuddi/code/Examples/opencv-camera-callback/CMakeFiles/CMakeTmp'
gmake: *** [Makefile:140: cmTC_e4890/fast] Error 2


Source file was:
#include <pthread.h>

void* test_func(void* data)
{
  return data;
}

int main(void)
{
  pthread_t thread;
  pthread_create(&thread, NULL, test_func, NULL);
  pthread_detach(thread);
  pthread_cancel(thread);
  pthread_join(thread, NULL);
  pthread_atfork(NULL, NULL, NULL);
  pthread_exit(NULL);

  return 0;
}

Determining if the function pthread_create exists in the pthreads failed with the following output:
Change Dir: /home/gymbuddi3/gymBuddi/code/Examples/opencv-camera-callback/CMakeFiles/CMakeTmp

Run Build Command(s):/usr/bin/gmake cmTC_72960/fast && /usr/bin/gmake  -f CMakeFiles/cmTC_72960.dir/build.make CMakeFiles/cmTC_72960.dir/build
gmake[1]: Entering directory '/home/gymbuddi3/gymBuddi/code/Examples/opencv-camera-callback/CMakeFiles/CMakeTmp'
Building CXX object CMakeFiles/cmTC_72960.dir/CheckFunctionExists.cxx.o
/usr/bin/c++   -DCHECK_FUNCTION_EXISTS=pthread_create -o CMakeFiles/cmTC_72960.dir/CheckFunctionExists.cxx.o -c /home/gymbuddi3/gymBuddi/code/Examples/opencv-camera-callback/CMakeFiles/CheckLibraryExists/CheckFunctionExists.cxx
Linking CXX executable cmTC_72960
/usr/bin/cmake -E cmake_link_script CMakeFiles/cmTC_72960.dir/link.txt --verbose=1
/usr/bin/c++  -DCHECK_FUNCTION_EXISTS=pthread_create CMakeFiles/cmTC_72960.dir/CheckFunctionExists.cxx.o -o cmTC_72960  -lpthreads 
/usr/bin/ld: cannot find -lpthreads
collect2: error: ld returned 1 exit status
gmake[1]: *** [CMakeFiles/cmTC_72960.dir/build.make:106: cmTC_72960] Error 1
gmake[1]: Leaving directory '/home/gymbuddi3/gymBuddi/code/Examples/opencv-camera-callback/CMakeFiles/CMakeTmp'
gmake: *** [Makefile:140: cmTC_72960/fast] Error 2



