Performing C++ SOURCE FILE Test CMAKE_HAVE_LIBC_PTHREAD failed with the following output:
Change Dir: /home/gymbuddi3/gymBuddi/code/GUI/repcounter/CMakeFiles/CMakeTmp

Run Build Command(s):/usr/bin/gmake cmTC_d227c/fast && /usr/bin/gmake  -f CMakeFiles/cmTC_d227c.dir/build.make CMakeFiles/cmTC_d227c.dir/build
gmake[1]: Entering directory '/home/gymbuddi3/gymBuddi/code/GUI/repcounter/CMakeFiles/CMakeTmp'
Building CXX object CMakeFiles/cmTC_d227c.dir/src.cxx.o
/usr/bin/c++   -DCMAKE_HAVE_LIBC_PTHREAD -o CMakeFiles/cmTC_d227c.dir/src.cxx.o -c /home/gymbuddi3/gymBuddi/code/GUI/repcounter/CMakeFiles/CMakeTmp/src.cxx
Linking CXX executable cmTC_d227c
/usr/bin/cmake -E cmake_link_script CMakeFiles/cmTC_d227c.dir/link.txt --verbose=1
/usr/bin/c++  -DCMAKE_HAVE_LIBC_PTHREAD CMakeFiles/cmTC_d227c.dir/src.cxx.o -o cmTC_d227c 
/usr/bin/ld: CMakeFiles/cmTC_d227c.dir/src.cxx.o: in function `main':
src.cxx:(.text+0x34): undefined reference to `pthread_create'
/usr/bin/ld: src.cxx:(.text+0x3c): undefined reference to `pthread_detach'
/usr/bin/ld: src.cxx:(.text+0x44): undefined reference to `pthread_cancel'
/usr/bin/ld: src.cxx:(.text+0x50): undefined reference to `pthread_join'
collect2: error: ld returned 1 exit status
gmake[1]: *** [CMakeFiles/cmTC_d227c.dir/build.make:106: cmTC_d227c] Error 1
gmake[1]: Leaving directory '/home/gymbuddi3/gymBuddi/code/GUI/repcounter/CMakeFiles/CMakeTmp'
gmake: *** [Makefile:140: cmTC_d227c/fast] Error 2


Source file was:
#include <pthread.h>

void* test_func(void* data)
{
  return data;
}

int main(void)
{
  pthread_t thread;
  pthread_create(&thread, NULL, test_func, NULL);
  pthread_detach(thread);
  pthread_cancel(thread);
  pthread_join(thread, NULL);
  pthread_atfork(NULL, NULL, NULL);
  pthread_exit(NULL);

  return 0;
}

Determining if the function pthread_create exists in the pthreads failed with the following output:
Change Dir: /home/gymbuddi3/gymBuddi/code/GUI/repcounter/CMakeFiles/CMakeTmp

Run Build Command(s):/usr/bin/gmake cmTC_f64e1/fast && /usr/bin/gmake  -f CMakeFiles/cmTC_f64e1.dir/build.make CMakeFiles/cmTC_f64e1.dir/build
gmake[1]: Entering directory '/home/gymbuddi3/gymBuddi/code/GUI/repcounter/CMakeFiles/CMakeTmp'
Building CXX object CMakeFiles/cmTC_f64e1.dir/CheckFunctionExists.cxx.o
/usr/bin/c++   -DCHECK_FUNCTION_EXISTS=pthread_create -o CMakeFiles/cmTC_f64e1.dir/CheckFunctionExists.cxx.o -c /home/gymbuddi3/gymBuddi/code/GUI/repcounter/CMakeFiles/CheckLibraryExists/CheckFunctionExists.cxx
Linking CXX executable cmTC_f64e1
/usr/bin/cmake -E cmake_link_script CMakeFiles/cmTC_f64e1.dir/link.txt --verbose=1
/usr/bin/c++  -DCHECK_FUNCTION_EXISTS=pthread_create CMakeFiles/cmTC_f64e1.dir/CheckFunctionExists.cxx.o -o cmTC_f64e1  -lpthreads 
/usr/bin/ld: cannot find -lpthreads
collect2: error: ld returned 1 exit status
gmake[1]: *** [CMakeFiles/cmTC_f64e1.dir/build.make:106: cmTC_f64e1] Error 1
gmake[1]: Leaving directory '/home/gymbuddi3/gymBuddi/code/GUI/repcounter/CMakeFiles/CMakeTmp'
gmake: *** [Makefile:140: cmTC_f64e1/fast] Error 2



Performing C++ SOURCE FILE Test CMAKE_HAVE_LIBC_PTHREAD failed with the following output:
Change Dir: /home/gymbuddi3/gymBuddi/code/GUI/repcounter/CMakeFiles/CMakeTmp

Run Build Command(s):/usr/bin/gmake cmTC_c76de/fast && /usr/bin/gmake  -f CMakeFiles/cmTC_c76de.dir/build.make CMakeFiles/cmTC_c76de.dir/build
gmake[1]: Entering directory '/home/gymbuddi3/gymBuddi/code/GUI/repcounter/CMakeFiles/CMakeTmp'
Building CXX object CMakeFiles/cmTC_c76de.dir/src.cxx.o
/usr/bin/c++   -DCMAKE_HAVE_LIBC_PTHREAD -o CMakeFiles/cmTC_c76de.dir/src.cxx.o -c /home/gymbuddi3/gymBuddi/code/GUI/repcounter/CMakeFiles/CMakeTmp/src.cxx
Linking CXX executable cmTC_c76de
/usr/bin/cmake -E cmake_link_script CMakeFiles/cmTC_c76de.dir/link.txt --verbose=1
/usr/bin/c++  -DCMAKE_HAVE_LIBC_PTHREAD CMakeFiles/cmTC_c76de.dir/src.cxx.o -o cmTC_c76de 
/usr/bin/ld: CMakeFiles/cmTC_c76de.dir/src.cxx.o: in function `main':
src.cxx:(.text+0x34): undefined reference to `pthread_create'
/usr/bin/ld: src.cxx:(.text+0x3c): undefined reference to `pthread_detach'
/usr/bin/ld: src.cxx:(.text+0x44): undefined reference to `pthread_cancel'
/usr/bin/ld: src.cxx:(.text+0x50): undefined reference to `pthread_join'
collect2: error: ld returned 1 exit status
gmake[1]: *** [CMakeFiles/cmTC_c76de.dir/build.make:106: cmTC_c76de] Error 1
gmake[1]: Leaving directory '/home/gymbuddi3/gymBuddi/code/GUI/repcounter/CMakeFiles/CMakeTmp'
gmake: *** [Makefile:140: cmTC_c76de/fast] Error 2


Source file was:
#include <pthread.h>

void* test_func(void* data)
{
  return data;
}

int main(void)
{
  pthread_t thread;
  pthread_create(&thread, NULL, test_func, NULL);
  pthread_detach(thread);
  pthread_cancel(thread);
  pthread_join(thread, NULL);
  pthread_atfork(NULL, NULL, NULL);
  pthread_exit(NULL);

  return 0;
}

Determining if the function pthread_create exists in the pthreads failed with the following output:
Change Dir: /home/gymbuddi3/gymBuddi/code/GUI/repcounter/CMakeFiles/CMakeTmp

Run Build Command(s):/usr/bin/gmake cmTC_1f942/fast && /usr/bin/gmake  -f CMakeFiles/cmTC_1f942.dir/build.make CMakeFiles/cmTC_1f942.dir/build
gmake[1]: Entering directory '/home/gymbuddi3/gymBuddi/code/GUI/repcounter/CMakeFiles/CMakeTmp'
Building CXX object CMakeFiles/cmTC_1f942.dir/CheckFunctionExists.cxx.o
/usr/bin/c++   -DCHECK_FUNCTION_EXISTS=pthread_create -o CMakeFiles/cmTC_1f942.dir/CheckFunctionExists.cxx.o -c /home/gymbuddi3/gymBuddi/code/GUI/repcounter/CMakeFiles/CheckLibraryExists/CheckFunctionExists.cxx
Linking CXX executable cmTC_1f942
/usr/bin/cmake -E cmake_link_script CMakeFiles/cmTC_1f942.dir/link.txt --verbose=1
/usr/bin/c++  -DCHECK_FUNCTION_EXISTS=pthread_create CMakeFiles/cmTC_1f942.dir/CheckFunctionExists.cxx.o -o cmTC_1f942  -lpthreads 
/usr/bin/ld: cannot find -lpthreads
collect2: error: ld returned 1 exit status
gmake[1]: *** [CMakeFiles/cmTC_1f942.dir/build.make:106: cmTC_1f942] Error 1
gmake[1]: Leaving directory '/home/gymbuddi3/gymBuddi/code/GUI/repcounter/CMakeFiles/CMakeTmp'
gmake: *** [Makefile:140: cmTC_1f942/fast] Error 2



