Performing C++ SOURCE FILE Test CMAKE_HAVE_LIBC_PTHREAD failed with the following output:
Change Dir: /home/gymbuddi3/gymBuddi/code/GUI/timer1/CMakeFiles/CMakeTmp

Run Build Command(s):/usr/bin/gmake cmTC_7171b/fast && /usr/bin/gmake  -f CMakeFiles/cmTC_7171b.dir/build.make CMakeFiles/cmTC_7171b.dir/build
gmake[1]: Entering directory '/home/gymbuddi3/gymBuddi/code/GUI/timer1/CMakeFiles/CMakeTmp'
Building CXX object CMakeFiles/cmTC_7171b.dir/src.cxx.o
/usr/bin/c++   -DCMAKE_HAVE_LIBC_PTHREAD -o CMakeFiles/cmTC_7171b.dir/src.cxx.o -c /home/gymbuddi3/gymBuddi/code/GUI/timer1/CMakeFiles/CMakeTmp/src.cxx
Linking CXX executable cmTC_7171b
/usr/bin/cmake -E cmake_link_script CMakeFiles/cmTC_7171b.dir/link.txt --verbose=1
/usr/bin/c++  -DCMAKE_HAVE_LIBC_PTHREAD CMakeFiles/cmTC_7171b.dir/src.cxx.o -o cmTC_7171b 
/usr/bin/ld: CMakeFiles/cmTC_7171b.dir/src.cxx.o: in function `main':
src.cxx:(.text+0x34): undefined reference to `pthread_create'
/usr/bin/ld: src.cxx:(.text+0x3c): undefined reference to `pthread_detach'
/usr/bin/ld: src.cxx:(.text+0x44): undefined reference to `pthread_cancel'
/usr/bin/ld: src.cxx:(.text+0x50): undefined reference to `pthread_join'
collect2: error: ld returned 1 exit status
gmake[1]: *** [CMakeFiles/cmTC_7171b.dir/build.make:106: cmTC_7171b] Error 1
gmake[1]: Leaving directory '/home/gymbuddi3/gymBuddi/code/GUI/timer1/CMakeFiles/CMakeTmp'
gmake: *** [Makefile:140: cmTC_7171b/fast] Error 2


Source file was:
#include <pthread.h>

void* test_func(void* data)
{
  return data;
}

int main(void)
{
  pthread_t thread;
  pthread_create(&thread, NULL, test_func, NULL);
  pthread_detach(thread);
  pthread_cancel(thread);
  pthread_join(thread, NULL);
  pthread_atfork(NULL, NULL, NULL);
  pthread_exit(NULL);

  return 0;
}

Determining if the function pthread_create exists in the pthreads failed with the following output:
Change Dir: /home/gymbuddi3/gymBuddi/code/GUI/timer1/CMakeFiles/CMakeTmp

Run Build Command(s):/usr/bin/gmake cmTC_95f7f/fast && /usr/bin/gmake  -f CMakeFiles/cmTC_95f7f.dir/build.make CMakeFiles/cmTC_95f7f.dir/build
gmake[1]: Entering directory '/home/gymbuddi3/gymBuddi/code/GUI/timer1/CMakeFiles/CMakeTmp'
Building CXX object CMakeFiles/cmTC_95f7f.dir/CheckFunctionExists.cxx.o
/usr/bin/c++   -DCHECK_FUNCTION_EXISTS=pthread_create -o CMakeFiles/cmTC_95f7f.dir/CheckFunctionExists.cxx.o -c /home/gymbuddi3/gymBuddi/code/GUI/timer1/CMakeFiles/CheckLibraryExists/CheckFunctionExists.cxx
Linking CXX executable cmTC_95f7f
/usr/bin/cmake -E cmake_link_script CMakeFiles/cmTC_95f7f.dir/link.txt --verbose=1
/usr/bin/c++  -DCHECK_FUNCTION_EXISTS=pthread_create CMakeFiles/cmTC_95f7f.dir/CheckFunctionExists.cxx.o -o cmTC_95f7f  -lpthreads 
/usr/bin/ld: cannot find -lpthreads
collect2: error: ld returned 1 exit status
gmake[1]: *** [CMakeFiles/cmTC_95f7f.dir/build.make:106: cmTC_95f7f] Error 1
gmake[1]: Leaving directory '/home/gymbuddi3/gymBuddi/code/GUI/timer1/CMakeFiles/CMakeTmp'
gmake: *** [Makefile:140: cmTC_95f7f/fast] Error 2



Performing C++ SOURCE FILE Test CMAKE_HAVE_LIBC_PTHREAD failed with the following output:
Change Dir: /home/gymbuddi3/gymBuddi/code/GUI/timer1/CMakeFiles/CMakeTmp

Run Build Command(s):/usr/bin/gmake cmTC_56b5f/fast && /usr/bin/gmake  -f CMakeFiles/cmTC_56b5f.dir/build.make CMakeFiles/cmTC_56b5f.dir/build
gmake[1]: Entering directory '/home/gymbuddi3/gymBuddi/code/GUI/timer1/CMakeFiles/CMakeTmp'
Building CXX object CMakeFiles/cmTC_56b5f.dir/src.cxx.o
/usr/bin/c++   -DCMAKE_HAVE_LIBC_PTHREAD -o CMakeFiles/cmTC_56b5f.dir/src.cxx.o -c /home/gymbuddi3/gymBuddi/code/GUI/timer1/CMakeFiles/CMakeTmp/src.cxx
Linking CXX executable cmTC_56b5f
/usr/bin/cmake -E cmake_link_script CMakeFiles/cmTC_56b5f.dir/link.txt --verbose=1
/usr/bin/c++  -DCMAKE_HAVE_LIBC_PTHREAD CMakeFiles/cmTC_56b5f.dir/src.cxx.o -o cmTC_56b5f 
/usr/bin/ld: CMakeFiles/cmTC_56b5f.dir/src.cxx.o: in function `main':
src.cxx:(.text+0x34): undefined reference to `pthread_create'
/usr/bin/ld: src.cxx:(.text+0x3c): undefined reference to `pthread_detach'
/usr/bin/ld: src.cxx:(.text+0x44): undefined reference to `pthread_cancel'
/usr/bin/ld: src.cxx:(.text+0x50): undefined reference to `pthread_join'
collect2: error: ld returned 1 exit status
gmake[1]: *** [CMakeFiles/cmTC_56b5f.dir/build.make:106: cmTC_56b5f] Error 1
gmake[1]: Leaving directory '/home/gymbuddi3/gymBuddi/code/GUI/timer1/CMakeFiles/CMakeTmp'
gmake: *** [Makefile:140: cmTC_56b5f/fast] Error 2


Source file was:
#include <pthread.h>

void* test_func(void* data)
{
  return data;
}

int main(void)
{
  pthread_t thread;
  pthread_create(&thread, NULL, test_func, NULL);
  pthread_detach(thread);
  pthread_cancel(thread);
  pthread_join(thread, NULL);
  pthread_atfork(NULL, NULL, NULL);
  pthread_exit(NULL);

  return 0;
}

Determining if the function pthread_create exists in the pthreads failed with the following output:
Change Dir: /home/gymbuddi3/gymBuddi/code/GUI/timer1/CMakeFiles/CMakeTmp

Run Build Command(s):/usr/bin/gmake cmTC_2a478/fast && /usr/bin/gmake  -f CMakeFiles/cmTC_2a478.dir/build.make CMakeFiles/cmTC_2a478.dir/build
gmake[1]: Entering directory '/home/gymbuddi3/gymBuddi/code/GUI/timer1/CMakeFiles/CMakeTmp'
Building CXX object CMakeFiles/cmTC_2a478.dir/CheckFunctionExists.cxx.o
/usr/bin/c++   -DCHECK_FUNCTION_EXISTS=pthread_create -o CMakeFiles/cmTC_2a478.dir/CheckFunctionExists.cxx.o -c /home/gymbuddi3/gymBuddi/code/GUI/timer1/CMakeFiles/CheckLibraryExists/CheckFunctionExists.cxx
Linking CXX executable cmTC_2a478
/usr/bin/cmake -E cmake_link_script CMakeFiles/cmTC_2a478.dir/link.txt --verbose=1
/usr/bin/c++  -DCHECK_FUNCTION_EXISTS=pthread_create CMakeFiles/cmTC_2a478.dir/CheckFunctionExists.cxx.o -o cmTC_2a478  -lpthreads 
/usr/bin/ld: cannot find -lpthreads
collect2: error: ld returned 1 exit status
gmake[1]: *** [CMakeFiles/cmTC_2a478.dir/build.make:106: cmTC_2a478] Error 1
gmake[1]: Leaving directory '/home/gymbuddi3/gymBuddi/code/GUI/timer1/CMakeFiles/CMakeTmp'
gmake: *** [Makefile:140: cmTC_2a478/fast] Error 2



